Arguments: 
  C:\Program Files\nodejs\node.exe C:\Program Files\nodejs\node_modules\yarn\bin\yarn.js add @babel/core, @babel/cli, @babel/preset-react

PATH: 
  C:\Users\aditp\bin;C:\Program Files\Git\mingw64\bin;C:\Program Files\Git\usr\local\bin;C:\Program Files\Git\usr\bin;C:\Program Files\Git\usr\bin;C:\Program Files\Git\mingw64\bin;C:\Program Files\Git\usr\bin;C:\Users\aditp\bin;D:\idmd\orekel\bin;D:\idmd\WINDOWS.X64_193000_db_home\bin;C:\app\oracle-19c\db_home\bin;C:\Python310\Scripts;C:\Python310;C:\Program Files\Common Files\Oracle\Java\javapath;C:\Program Files (x86)\Common Files\Oracle\Java\javapath;C:\Windows\system32;C:\Windows;C:\Windows\System32\Wbem;C:\Windows\System32\WindowsPowerShell\v1.0;C:\Windows\System32\OpenSSH;C:\Program Files\Java\jdk-18\bin;C:\Program Files\Microsoft SQL Server\150\Tools\Binn;C:\Program Files\dotnet;C:\ProgramData\chocolatey\bin;C:\Program Files\Git\cmd;C:\xampp\php;C:\Program Files\Microsoft SQL Server\130\Tools\Binn;C:\Program Files\Microsoft SQL Server\Client SDK\ODBC\170\Tools\Binn;C:\Program Files\Java\jdk1.8.0_333\bin;C:\Program Files\MongoDB\Server\5.0\bin;D:\xampp\php;C:\composer;C:\Program Files\Redis;C:\Users\aditp\AppData\Roaming\nvm;C:\Program Files\nodejs;C:\Users\aditp\AppData\Roaming\nvm\v18.12.1;C:\Users\aditp\AppData\Local\Microsoft\WindowsApps;C:\Users\aditp\AppData\Local\Programs\Microsoft VS Code\bin;C:\Users\aditp\AppData\Roaming\Composer\vendor\bin;C:\Users\aditp\.dotnet\tools;C:\Users\aditp\AppData\Roaming\npm;C:\Users\aditp\AppData\Local\GitHubDesktop\bin;C:\src\flutter\bin;C:\Users\aditp\AppData\Roaming\nvm;C:\Program Files\nodejs;C:\Program Files\Git\usr\bin\vendor_perl;C:\Program Files\Git\usr\bin\core_perl

Yarn version: 
  1.22.19

Node version: 
  18.12.1

Platform: 
  win32 x64

Trace: 
  Error: https://registry.yarnpkg.com/@babel%2fcore,: Not found
      at params.callback [as _callback] (C:\Users\aditp\AppData\Roaming\nvm\v18.12.1\node_modules\yarn\lib\cli.js:66145:18)
      at self.callback (C:\Users\aditp\AppData\Roaming\nvm\v18.12.1\node_modules\yarn\lib\cli.js:140890:22)
      at Request.emit (node:events:513:28)
      at Request.<anonymous> (C:\Users\aditp\AppData\Roaming\nvm\v18.12.1\node_modules\yarn\lib\cli.js:141862:10)
      at Request.emit (node:events:513:28)
      at IncomingMessage.<anonymous> (C:\Users\aditp\AppData\Roaming\nvm\v18.12.1\node_modules\yarn\lib\cli.js:141784:12)
      at Object.onceWrapper (node:events:627:28)
      at IncomingMessage.emit (node:events:525:35)
      at endReadableNT (node:internal/streams/readable:1359:12)
      at process.processTicksAndRejections (node:internal/process/task_queues:82:21)

npm manifest: 
  {
    "name": "simple_todolist",
    "version": "1.0.0",
    "description": "",
    "main": "index.js",
    "scripts": {
      "test": "echo \"Error: no test specified\" && exit 1"
    },
    "author": "",
    "license": "ISC",
    "dependencies": {
      "yarn": "^1.22.19"
    }
  }

yarn manifest: 
  No manifest

Lockfile: 
  # THIS IS AN AUTOGENERATED FILE. DO NOT EDIT THIS FILE DIRECTLY.
  # yarn lockfile v1
  
  
  yarn@^1.22.19:
    version "1.22.19"
    resolved "https://registry.npmjs.org/yarn/-/yarn-1.22.19.tgz"
    integrity sha512-/0V5q0WbslqnwP91tirOvldvYISzaqhClxzyUKXYxs07yUILIs5jx/k6CFe8bvKSkds5w+eiOqta39Wk3WxdcQ==
